<?xml version="1.0" encoding="UTF-8"?>
<!-- Generated by org.testng.reporters.JUnitXMLReporter -->
<testsuite hostname="MANSI" ignored="0" name="Test" tests="1" failures="1" timestamp="25 Aug 2020 06:23:30 GMT" time="98.288" errors="0">
  <testcase name="f" time="98.196" classname="tests.AddingItemsToCartTest">
    <failure type="java.lang.AssertionError" message="expected [416799] but found [416799]">
      <![CDATA[java.lang.AssertionError: expected [416799] but found [416799]
at pages.AddingItemToCart.AddingItemsToCart.validatingCartItems(AddingItemsToCart.java:140)
at tests.AddingItemsToCartTest.f(AddingItemsToCartTest.java:18)
... Removed 30 stack frames]]>
    </failure>
  </testcase> <!-- f -->
</testsuite> <!-- Test -->
